<?xml version="1.0" encoding="UTF-8"?>
<!-- Generated by org.testng.reporters.JUnitReportReporter -->
<testsuite hostname="WL-MS-743" failures="0" tests="1" name="com.api.tests.EmployeeDatabase" time="2.293" errors="0" timestamp="2024-12-03T13:15:54 IST" skipped="0">
  <testcase classname="com.api.tests.EmployeeDatabase" name="listUsersAPI" time="2.293"/>
</testsuite> <!-- com.api.tests.EmployeeDatabase -->
