<?xml version="1.0" encoding="UTF-8"?>
<!-- Generated by org.testng.reporters.JUnitReportReporter -->
<testsuite hostname="WL-MS-743" failures="0" tests="1" name="com.api.tests.oAuth2AuthenticationAPItest" time="1.643" errors="0" timestamp="2024-12-06T12:47:22 IST" skipped="0">
  <testcase classname="com.api.tests.oAuth2AuthenticationAPItest" name="oAuth2API" time="1.643"/>
</testsuite> <!-- com.api.tests.oAuth2AuthenticationAPItest -->
