<?xml version="1.0" encoding="UTF-8"?>
<!-- Generated by org.testng.reporters.JUnitReportReporter -->
<testsuite hostname="WL-MS-743" failures="0" tests="6" name="com.api.tests.E2EapiAutomation" time="4.642" errors="0" timestamp="2024-12-06T10:13:34 IST" skipped="0">
  <testcase classname="com.api.tests.E2EapiAutomation" name="createUserAPI" time="2.016"/>
  <testcase classname="com.api.tests.E2EapiAutomation" name="verifyIfUserIsCreated" time="0.832"/>
  <testcase classname="com.api.tests.E2EapiAutomation" name="updateUserAPI" time="0.504"/>
  <testcase classname="com.api.tests.E2EapiAutomation" name="verifyIfUserIsUpdated" time="0.359"/>
  <testcase classname="com.api.tests.E2EapiAutomation" name="deleteUser" time="0.474"/>
  <testcase classname="com.api.tests.E2EapiAutomation" name="verifyIfUserIsDeleted" time="0.457"/>
</testsuite> <!-- com.api.tests.E2EapiAutomation -->
