<?xml version="1.0" encoding="UTF-8"?>
<!-- Generated by org.testng.reporters.JUnitReportReporter -->
<testsuite hostname="WL-MS-743" failures="0" tests="2" name="com.api.tests.apachePOIexcel" time="2.229" errors="0" timestamp="2024-12-10T19:07:05 IST" skipped="0">
  <testcase classname="com.api.tests.apachePOIexcel" name="createUserPostAPIdataDrivenAutomationTest" time="1.791"/>
  <testcase classname="com.api.tests.apachePOIexcel" name="createUserPostAPIdataDrivenAutomationTest" time="0.438"/>
</testsuite> <!-- com.api.tests.apachePOIexcel -->
