<?xml version="1.0" encoding="UTF-8"?>
<!-- Generated by org.testng.reporters.JUnitReportReporter -->
<testsuite hostname="WL-MS-743" failures="0" tests="4" name="com.api.tests.deleteUserDeleteAPIDDTApproach2" time="5.093" errors="0" timestamp="2024-12-09T12:10:51 IST" skipped="0">
  <testcase classname="com.api.tests.deleteUserDeleteAPIDDTApproach2" name="deleteUser" time="2.011"/>
  <testcase classname="com.api.tests.deleteUserDeleteAPIDDTApproach2" name="deleteUser" time="1.058"/>
  <testcase classname="com.api.tests.deleteUserDeleteAPIDDTApproach2" name="deleteUser" time="0.961"/>
  <testcase classname="com.api.tests.deleteUserDeleteAPIDDTApproach2" name="deleteUser" time="1.063"/>
</testsuite> <!-- com.api.tests.deleteUserDeleteAPIDDTApproach2 -->
