<?xml version="1.0" encoding="UTF-8"?>
<!-- Generated by org.testng.reporters.JUnitReportReporter -->
<testsuite hostname="WL-MS-743" failures="0" tests="1" name="com.api.tests.basicAuthenticationAPItest" time="4.089" errors="0" timestamp="2024-12-06T10:59:21 IST" skipped="0">
  <testcase classname="com.api.tests.basicAuthenticationAPItest" name="basicAuthAPI" time="4.089"/>
</testsuite> <!-- com.api.tests.basicAuthenticationAPItest -->
