<?xml version="1.0" encoding="UTF-8"?>
<!-- Generated by org.testng.reporters.JUnitReportReporter -->
<testsuite hostname="WL-MS-743" failures="0" tests="3" name="com.api.tests.E2EapiTestAllureReports" time="3.507" errors="0" timestamp="2024-12-10T10:23:38 IST" skipped="0">
  <testcase classname="com.api.tests.E2EapiTestAllureReports" name="createUserAPI" time="1.936"/>
  <testcase classname="com.api.tests.E2EapiTestAllureReports" name="updateUserAPI" time="0.454"/>
  <testcase classname="com.api.tests.E2EapiTestAllureReports" name="deleteUserAPI" time="1.117"/>
</testsuite> <!-- com.api.tests.E2EapiTestAllureReports -->
