<?xml version="1.0" encoding="UTF-8"?>
<!-- Generated by org.testng.reporters.JUnitReportReporter -->
<testsuite hostname="WL-MS-743" failures="0" tests="4" name="com.api.tests.createUserPOSTAPIDDTApproach3" time="2.920" errors="0" timestamp="2024-12-09T12:32:37 IST" skipped="0">
  <testcase classname="com.api.tests.createUserPOSTAPIDDTApproach3" name="createUserPostAPIdataDrivenAutomationTest" time="0.335"/>
  <testcase classname="com.api.tests.createUserPOSTAPIDDTApproach3" name="createUserPostAPIdataDrivenAutomationTest" time="1.856"/>
  <testcase classname="com.api.tests.createUserPOSTAPIDDTApproach3" name="createUserPostAPIdataDrivenAutomationTest" time="0.417"/>
  <testcase classname="com.api.tests.createUserPOSTAPIDDTApproach3" name="createUserPostAPIdataDrivenAutomationTest" time="0.312"/>
</testsuite> <!-- com.api.tests.createUserPOSTAPIDDTApproach3 -->
