<?xml version="1.0" encoding="UTF-8"?>
<!-- Generated by org.testng.reporters.JUnitReportReporter -->
<testsuite hostname="WL-MS-743" failures="0" tests="4" name="com.api.tests.deleteUserDeleteAPIDDTApproach3" time="4.237" errors="0" timestamp="2024-12-09T12:35:29 IST" skipped="0">
  <testcase classname="com.api.tests.deleteUserDeleteAPIDDTApproach3" name="deleteUser" time="1.775"/>
  <testcase classname="com.api.tests.deleteUserDeleteAPIDDTApproach3" name="deleteUser" time="0.992"/>
  <testcase classname="com.api.tests.deleteUserDeleteAPIDDTApproach3" name="deleteUser" time="0.699"/>
  <testcase classname="com.api.tests.deleteUserDeleteAPIDDTApproach3" name="deleteUser" time="0.771"/>
</testsuite> <!-- com.api.tests.deleteUserDeleteAPIDDTApproach3 -->
