<?xml version="1.0" encoding="UTF-8"?>
<!-- Generated by org.testng.reporters.JUnitReportReporter -->
<testsuite hostname="WL-MS-743" failures="0" tests="1" name="com.api.tests.updateUserPATCHAPIJSONObject" time="2.238" errors="0" timestamp="2024-12-06T09:44:50 IST" skipped="0">
  <testcase classname="com.api.tests.updateUserPATCHAPIJSONObject" name="updateUserAPI" time="2.238"/>
</testsuite> <!-- com.api.tests.updateUserPATCHAPIJSONObject -->
