<?xml version="1.0" encoding="UTF-8"?>
<!-- Generated by org.testng.reporters.JUnitReportReporter -->
<testsuite hostname="WL-MS-743" failures="0" tests="4" name="com.api.tests.SOAPAPIs" time="3.722" errors="0" timestamp="2024-12-09T10:24:09 IST" skipped="0">
  <testcase classname="com.api.tests.SOAPAPIs" name="testSOAPapiMultiply" time="0.586"/>
  <testcase classname="com.api.tests.SOAPAPIs" name="testSOAPapiSubtract" time="0.571"/>
  <testcase classname="com.api.tests.SOAPAPIs" name="testSOAPapiDivide" time="0.625"/>
  <testcase classname="com.api.tests.SOAPAPIs" name="testSOAPapiAdd" time="1.940"/>
</testsuite> <!-- com.api.tests.SOAPAPIs -->
