<?xml version="1.0" encoding="UTF-8"?>
<!-- Generated by org.testng.reporters.JUnitReportReporter -->
<testsuite hostname="WL-MS-743" failures="0" tests="4" name="com.api.tests.createUserPOSTAPIDDT" time="4.432" errors="0" timestamp="2024-12-09T11:15:41 IST" skipped="0">
  <testcase classname="com.api.tests.createUserPOSTAPIDDT" name="createUserPostAPIdataDrivenAutomationTest" time="0.689"/>
  <testcase classname="com.api.tests.createUserPOSTAPIDDT" name="createUserPostAPIdataDrivenAutomationTest" time="0.741"/>
  <testcase classname="com.api.tests.createUserPOSTAPIDDT" name="createUserPostAPIdataDrivenAutomationTest" time="1.009"/>
  <testcase classname="com.api.tests.createUserPOSTAPIDDT" name="createUserPostAPIdataDrivenAutomationTest" time="1.993"/>
</testsuite> <!-- com.api.tests.createUserPOSTAPIDDT -->
