<?xml version="1.0" encoding="UTF-8"?>
<!-- Generated by org.testng.reporters.JUnitReportReporter -->
<testsuite hostname="WL-MS-743" failures="0" tests="1" name="com.api.tests.digestAuthenticationAPItest" time="2.858" errors="0" timestamp="2024-12-06T12:01:33 IST" skipped="0">
  <testcase classname="com.api.tests.digestAuthenticationAPItest" name="digestAuthAPI3" time="2.858"/>
</testsuite> <!-- com.api.tests.digestAuthenticationAPItest -->
