<?xml version="1.0" encoding="UTF-8"?>
<!-- Generated by org.testng.reporters.JUnitReportReporter -->
<testsuite hostname="WL-MS-743" failures="0" tests="1" name="com.api.tests.createUserPOSTAPIexternalJSONfile" time="2.022" errors="0" timestamp="2024-12-04T12:29:50 IST" skipped="0">
  <testcase classname="com.api.tests.createUserPOSTAPIexternalJSONfile" name="createUserPostAPIexternalJsonFile" time="2.022"/>
</testsuite> <!-- com.api.tests.createUserPOSTAPIexternalJSONfile -->
