<?xml version="1.0" encoding="UTF-8"?>
<!-- Generated by org.testng.reporters.JUnitReportReporter -->
<testsuite hostname="WL-MS-743" failures="0" tests="1" name="com.api.tests.updateUserPATCHAPIexternalJSONfile" time="2.555" errors="0" timestamp="2024-12-04T13:15:15 IST" skipped="0">
  <testcase classname="com.api.tests.updateUserPATCHAPIexternalJSONfile" name="updateUserPatchAPIexternalJsonFile" time="2.555"/>
</testsuite> <!-- com.api.tests.updateUserPATCHAPIexternalJSONfile -->
