<?xml version="1.0" encoding="UTF-8"?>
<!-- Generated by org.testng.reporters.JUnitReportReporter -->
<testsuite hostname="WL-MS-743" failures="0" tests="1" name="com.api.tests.apiKeyAuthenticationAPItest" time="1.283" errors="0" timestamp="2024-12-06T13:24:47 IST" skipped="0">
  <testcase classname="com.api.tests.apiKeyAuthenticationAPItest" name="apiKeyAuthAPI1" time="1.283"/>
</testsuite> <!-- com.api.tests.apiKeyAuthenticationAPItest -->
