<?xml version="1.0" encoding="UTF-8"?>
<!-- Generated by org.testng.reporters.JUnitReportReporter -->
<testsuite hostname="WL-MS-743" failures="0" tests="1" name="com.api.tests.wiremockAPI1" time="1.036" errors="0" timestamp="2024-12-10T11:25:01 IST" skipped="0">
  <testcase classname="com.api.tests.wiremockAPI1" name="getAllCourses" time="1.036"/>
</testsuite> <!-- com.api.tests.wiremockAPI1 -->
