<?xml version="1.0" encoding="UTF-8"?>
<!-- Generated by org.testng.reporters.JUnitReportReporter -->
<testsuite hostname="WL-MS-743" failures="0" tests="1" name="com.api.tests.deleteUserDeleteAPI" time="1.921" errors="0" timestamp="2024-12-05T09:50:13 IST" skipped="0">
  <testcase classname="com.api.tests.deleteUserDeleteAPI" name="deleteUser" time="1.921"/>
</testsuite> <!-- com.api.tests.deleteUserDeleteAPI -->
