<?xml version="1.0" encoding="UTF-8"?>
<!-- Generated by org.testng.reporters.JUnitReportReporter -->
<testsuite hostname="WL-MS-743" failures="0" tests="1" name="com.api.tests.createUserPOSTAPIjavaFakerLibrary" time="2.083" errors="0" timestamp="2024-12-05T13:12:22 IST" skipped="0">
  <testcase classname="com.api.tests.createUserPOSTAPIjavaFakerLibrary" name="createUserPostAPIjsonObject" time="2.083"/>
</testsuite> <!-- com.api.tests.createUserPOSTAPIjavaFakerLibrary -->
