<?xml version="1.0" encoding="UTF-8"?>
<!-- Generated by org.testng.reporters.JUnitReportReporter -->
<testsuite hostname="WL-MS-743" failures="0" tests="1" name="com.api.tests.bearerAuthenticationAPItest" time="2.655" errors="0" timestamp="2024-12-06T12:07:55 IST" skipped="0">
  <testcase classname="com.api.tests.bearerAuthenticationAPItest" name="bearerAuthAPI" time="2.655"/>
</testsuite> <!-- com.api.tests.bearerAuthenticationAPItest -->
