<?xml version="1.0" encoding="UTF-8"?>
<!-- Generated by org.testng.reporters.JUnitReportReporter -->
<testsuite hostname="WL-MS-743" failures="0" tests="1" name="com.api.tests.wiremockAPI2" time="1.002" errors="0" timestamp="2024-12-10T12:08:11 IST" skipped="0">
  <testcase classname="com.api.tests.wiremockAPI2" name="getFileContent" time="1.002"/>
</testsuite> <!-- com.api.tests.wiremockAPI2 -->
