<?xml version="1.0" encoding="UTF-8"?>
<!-- Generated by org.testng.reporters.JUnitReportReporter -->
<testsuite hostname="WL-MS-743" failures="0" tests="1" name="com.api.tests.listUsersGetAPI" time="2.630" errors="0" timestamp="2024-12-09T11:17:03 IST" skipped="0">
  <testcase classname="com.api.tests.listUsersGetAPI" name="listUsersAPI" time="2.630"/>
</testsuite> <!-- com.api.tests.listUsersGetAPI -->
