<?xml version="1.0" encoding="UTF-8"?>
<!-- Generated by org.testng.reporters.JUnitReportReporter -->
<testsuite hostname="WL-MS-743" failures="0" tests="4" name="com.api.tests.deleteUserDeleteAPIDDT" time="4.068" errors="0" timestamp="2024-12-09T11:24:21 IST" skipped="0">
  <testcase classname="com.api.tests.deleteUserDeleteAPIDDT" name="deleteUser" time="1.993"/>
  <testcase classname="com.api.tests.deleteUserDeleteAPIDDT" name="deleteUser" time="0.675"/>
  <testcase classname="com.api.tests.deleteUserDeleteAPIDDT" name="deleteUser" time="0.715"/>
  <testcase classname="com.api.tests.deleteUserDeleteAPIDDT" name="deleteUser" time="0.685"/>
</testsuite> <!-- com.api.tests.deleteUserDeleteAPIDDT -->
