<?xml version="1.0" encoding="UTF-8"?>
<!-- Generated by org.testng.reporters.JUnitReportReporter -->
<testsuite hostname="WL-MS-743" failures="0" tests="1" name="com.api.tests.jsonSchemaValidations" time="2.095" errors="0" timestamp="2024-12-06T10:11:12 IST" skipped="0">
  <testcase classname="com.api.tests.jsonSchemaValidations" name="listUsersAPI" time="2.095"/>
</testsuite> <!-- com.api.tests.jsonSchemaValidations -->
