<?xml version="1.0" encoding="UTF-8"?>
<!-- Generated by org.testng.reporters.JUnitReportReporter -->
<testsuite hostname="WL-MS-743" failures="0" tests="1" name="com.api.tests.basicAuthenticationAPItest" time="3.719" errors="0" timestamp="2024-12-11T09:50:12 IST" skipped="0">
  <testcase classname="com.api.tests.basicAuthenticationAPItest" name="basicAuthAPI" time="3.719"/>
</testsuite> <!-- com.api.tests.basicAuthenticationAPItest -->
