<?xml version="1.0" encoding="UTF-8"?>
<!-- Generated by org.testng.reporters.JUnitReportReporter -->
<testsuite hostname="WL-MS-743" failures="0" tests="1" name="com.api.tests.updateUserPATCHAPIHashMap" time="2.181" errors="0" timestamp="2024-12-04T13:06:42 IST" skipped="0">
  <testcase classname="com.api.tests.updateUserPATCHAPIHashMap" name="updateUserAPI" time="2.181"/>
</testsuite> <!-- com.api.tests.updateUserPATCHAPIHashMap -->
