<?xml version="1.0" encoding="UTF-8"?>
<!-- Generated by org.testng.reporters.JUnitReportReporter -->
<testsuite hostname="WL-MS-743" failures="0" tests="1" name="com.api.tests.deleteUserDeleteAPIDDTApproach4UsingParameters" time="2.199" errors="0" timestamp="2024-12-09T12:57:27 IST" skipped="0">
  <testcase classname="com.api.tests.deleteUserDeleteAPIDDTApproach4UsingParameters" name="deleteUser" time="2.199"/>
</testsuite> <!-- com.api.tests.deleteUserDeleteAPIDDTApproach4UsingParameters -->
