<?xml version="1.0" encoding="UTF-8"?>
<!-- Generated by org.testng.reporters.JUnitReportReporter -->
<testsuite hostname="WL-MS-743" failures="0" tests="4" name="com.api.tests.createUserPOSTAPIDDTApproach2" time="4.917" errors="0" timestamp="2024-12-09T12:08:12 IST" skipped="0">
  <testcase classname="com.api.tests.createUserPOSTAPIDDTApproach2" name="createUserPostAPIdataDrivenAutomationTest" time="1.027"/>
  <testcase classname="com.api.tests.createUserPOSTAPIDDTApproach2" name="createUserPostAPIdataDrivenAutomationTest" time="1.044"/>
  <testcase classname="com.api.tests.createUserPOSTAPIDDTApproach2" name="createUserPostAPIdataDrivenAutomationTest" time="1.037"/>
  <testcase classname="com.api.tests.createUserPOSTAPIDDTApproach2" name="createUserPostAPIdataDrivenAutomationTest" time="1.809"/>
</testsuite> <!-- com.api.tests.createUserPOSTAPIDDTApproach2 -->
